app/build/outputs/mapping/release/seeds.txt
in.icespace.saarthi.twa.Application: Application()
in.icespace.saarthi.twa.Application
in.icespace.saarthi.twa.LauncherActivity: LauncherActivity()
in.icespace.saarthi.twa.LauncherActivity
in.icespace.saarthi.twa.DelegationService: DelegationService()
in.icespace.saarthi.twa.DelegationService
...
com.google.android.gms.internal.play_billing.zzfb: com.google.android.gms.internal.play_billing.zzfj zzf
androidx.core.graphics.drawable.IconCompatParcelizer
androidx.core.graphics.drawable.IconCompat
com.google.android.gms.internal.play_billing.zzfm: java.lang.String zzf
com.google.androidbrowserhelper.trusted.LauncherActivity: LauncherActivity()
com.google.android.gms.internal.play_billing.zzfv
com.google.androidbrowserhelper.playbilling.provider.PaymentService
androidx.browser.browseractions.BrowserActionsFallbackMenuView: BrowserActionsFallbackMenuView(android.content.Context,android.util.AttributeSet)
androidx.lifecycle.CompositeGeneratedAdaptersObserver
androidx.core.app.RemoteActionCompatParcelizer: RemoteActionCompatParcelizer()
com.google.android.gms.internal.play_billing.zzff: com.google.android.gms.internal.play_billing.zzff zzb
com.google.android.gms.internal.play_billing.zzfs: int zze
com.google.android.gms.internal.play_billing.zzfm: int zzd
com.android.billingclient.api.ProxyBillingActivity
androidx.browser.browseractions.BrowserActionsFallbackMenuView
androidx.lifecycle.FullLifecycleObserverAdapter
android.support.v4.app.RemoteActionCompatParcelizer: RemoteActionCompatParcelizer()
com.google.android.gms.internal.play_billing.zzfs: int zzd
com.google.androidbrowserhelper.playbilling.provider.PaymentService: PaymentService()
com.google.android.gms.internal.play_billing.zzby: com.google.android.gms.internal.play_billing.zzbs zzb
com.google.android.gms.internal.play_billing.zzex: com.google.android.gms.internal.play_billing.zzex[] values()
com.google.android.gms.internal.play_billing.zzff: int zzd
com.google.android.gms.internal.play_billing.zzcb: int zzd
androidx.core.content.FileProvider: FileProvider()
androidx.core.graphics.drawable.IconCompatParcelizer: void write(androidx.core.graphics.drawable.IconCompat,androidx.versionedparcelable.VersionedParcel)
com.google.android.gms.internal.play_billing.zzfb: com.google.android.gms.internal.play_billing.zzfb zzb
com.google.androidbrowserhelper.trusted.WebViewFallbackActivity
android.support.v4.app.RemoteActionCompatParcelizer: androidx.core.app.RemoteActionCompat read(androidx.versionedparcelable.VersionedParcel)
android.support.v4.app.RemoteActionCompatParcelizer: void write(androidx.core.app.RemoteActionCompat,androidx.versionedparcelable.VersionedParcel)
com.google.androidbrowserhelper.trusted.ManageDataLauncherActivity: ManageDataLauncherActivity()
com.google.android.gms.internal.play_billing.zzbt: com.google.android.gms.internal.play_billing.zzbt[] values()
android.support.v4.app.RemoteActionCompatParcelizer
com.google.androidbrowserhelper.trusted.FocusActivity
com.google.android.gms.internal.play_billing.zzfm: com.google.android.gms.internal.play_billing.zzfm zzb
com.google.android.gms.internal.play_billing.zzcj: com.google.android.gms.internal.play_billing.zzcj[] values()
androidx.core.app.RemoteActionCompat
android.support.v4.graphics.drawable.IconCompatParcelizer: void write(androidx.core.graphics.drawable.IconCompat,androidx.versionedparcelable.VersionedParcel)
androidx.lifecycle.ReflectiveGenericLifecycleObserver
com.google.android.gms.internal.play_billing.zzfj: java.lang.String zzh
com.google.android.gms.internal.play_billing.zzfm: java.lang.String zze
com.google.android.gms.internal.play_billing.zzfv: int zzb
com.google.android.gms.internal.play_billing.zzak: int zza
android.support.v4.graphics.drawable.IconCompatParcelizer: androidx.core.graphics.drawable.IconCompat read(androidx.versionedparcelable.VersionedParcel)
android.support.v4.graphics.drawable.IconCompatParcelizer: IconCompatParcelizer()
androidx.annotation.Keep
com.google.android.gms.internal.play_billing.zza: com.google.android.gms.internal.play_billing.zza[] values()
com.google.android.gms.internal.play_billing.zzfb: int zzd
androidx.lifecycle.SingleGeneratedAdapterObserver
com.google.androidbrowserhelper.trusted.WebViewFallbackActivity: WebViewFallbackActivity()