app/build/outputs/mapping/release/mapping.txt
# compiler: R8
# compiler_version: 2.1.86
# min_api: 19
# pg_map_id: 863bf57
# common_typos_disable
in.icespace.saarthi.twa.LauncherActivity -> in.icespace.saarthi.twa.LauncherActivity:
    android.net.Uri getLaunchingUrl() -> g
...
com.google.androidbrowserhelper.playbilling.digitalgoods.-$$Lambda$ListPurchaseHistoryCall$P6Rpeuv5ymTCu9OzmW9XKDHXzts -> c.a.b.c.a.n:
    com.google.androidbrowserhelper.playbilling.digitalgoods.ListPurchaseHistoryCall f$0 -> a
    void onResult(com.android.billingclient.api.BillingResult,java.util.List) -> a
com.google.androidbrowserhelper.playbilling.digitalgoods.-$$Lambda$ListPurchasesCall$EITVMWBya_vH64mA6fGDcXg2dGw -> c.a.b.c.a.o:
    com.google.androidbrowserhelper.playbilling.digitalgoods.ListPurchasesCall f$0 -> a
    void onResult(com.android.billingclient.api.BillingResult,java.util.List) -> a
com.google.androidbrowserhelper.playbilling.digitalgoods.-$$Lambda$RAzOunbrdnQvCdcIsQXGgn3KKsQ -> c.a.b.c.a.p:
    com.google.androidbrowserhelper.playbilling.digitalgoods.BillingResultMerger f$0 -> a
    void onSkuDetailsResponse(com.android.billingclient.api.BillingResult,java.util.List) -> a
com.google.androidbrowserhelper.playbilling.digitalgoods.-$$Lambda$cwPDXgQ2Yh3FbRgUCbBJQWwhEyQ -> c.a.b.c.a.q:
    com.google.androidbrowserhelper.playbilling.digitalgoods.BillingResultMerger f$0 -> a
    void onPurchaseHistoryResponse(com.android.billingclient.api.BillingResult,java.util.List) -> a
com.google.androidbrowserhelper.playbilling.digitalgoods.-$$Lambda$gbDLlQK10hIQ5L9hF2rSABTm9Bk -> c.a.b.c.a.r:
    com.google.androidbrowserhelper.playbilling.digitalgoods.BillingResultMerger f$0 -> a
    void onPurchaseHistoryResponse(com.android.billingclient.api.BillingResult,java.util.List) -> a
com.google.androidbrowserhelper.playbilling.digitalgoods.-$$Lambda$obl45FdmSFOt-JrkrPlFtpRXiPw -> c.a.b.c.a.s:
    com.google.androidbrowserhelper.playbilling.digitalgoods.BillingResultMerger f$0 -> a
    void onQueryPurchasesResponse(com.android.billingclient.api.BillingResult,java.util.List) -> a
com.google.androidbrowserhelper.playbilling.digitalgoods.-$$Lambda$ocR0fVVT6d2RBXMv8ChbxxLMRkk -> c.a.b.c.a.t:
    com.google.androidbrowserhelper.playbilling.digitalgoods.BillingResultMerger f$0 -> a
    void onQueryPurchasesResponse(com.android.billingclient.api.BillingResult,java.util.List) -> a
com.google.androidbrowserhelper.playbilling.digitalgoods.AcknowledgeCall -> c.a.b.c.a.u:
    com.google.androidbrowserhelper.playbilling.digitalgoods.DigitalGoodsCallback mCallback -> c
    java.lang.String purchaseToken -> a
    boolean makeAvailableAgain -> b
    void call(com.google.androidbrowserhelper.playbilling.provider.BillingWrapper) -> a
    com.google.androidbrowserhelper.playbilling.digitalgoods.AcknowledgeCall create(android.os.Bundle,com.google.androidbrowserhelper.playbilling.digitalgoods.DigitalGoodsCallback) -> b
    void lambda$call$0(com.android.billingclient.api.BillingResult,java.lang.String) -> c
    void lambda$call$0$AcknowledgeCall(com.android.billingclient.api.BillingResult,java.lang.String) -> d
    void lambda$hg4ecXAFTreYuKtfR1uE4QHtjzI(com.google.androidbrowserhelper.playbilling.digitalgoods.AcknowledgeCall,com.android.billingclient.api.BillingResult) -> e
    void respond(com.android.billingclient.api.BillingResult) -> f
com.google.androidbrowserhelper.playbilling.digitalgoods.BillingResultMerger -> c.a.b.c.a.v:
    java.util.List mSubsResultsList -> e
    java.util.List mInAppResultsList -> c
    com.android.billingclient.api.BillingResult mSubsResult -> d
    com.google.androidbrowserhelper.playbilling.digitalgoods.BillingResultMerger$ResultListener mOnCombinedResult -> a
    com.android.billingclient.api.BillingResult mInAppResult -> b
    boolean didSucceed(com.android.billingclient.api.BillingResult) -> a
    void setInAppResult(com.android.billingclient.api.BillingResult,java.util.List) -> b
    void setSubsResult(com.android.billingclient.api.BillingResult,java.util.List) -> c
    void triggerIfReady() -> d
com.google.androidbrowserhelper.playbilling.digitalgoods.BillingResultMerger$ResultListener -> c.a.b.c.a.v$a:
    void onResult(com.android.billingclient.api.BillingResult,java.util.List) -> a