app/build/outputs/mapping/release/usage.txt
in.icespace.saarthi.twa.R$color
in.icespace.saarthi.twa.R$dimen
in.icespace.saarthi.twa.R$xml
in.icespace.saarthi.twa.R$styleable
in.icespace.saarthi.twa.R$raw
in.icespace.saarthi.twa.R$mipmap
in.icespace.saarthi.twa.R$id
in.icespace.saarthi.twa.R$drawable
in.icespace.saarthi.twa.R$style
in.icespace.saarthi.twa.R$bool
in.icespace.saarthi.twa.R$layout
in.icespace.saarthi.twa.R
in.icespace.saarthi.twa.R$string
in.icespace.saarthi.twa.R$attr
in.icespace.saarthi.twa.BuildConfig
in.icespace.saarthi.twa.R$integer
...
com.android.billingclient.api.zzav
androidx.core.content.pm.ShortcutManagerCompat$1
com.android.billingclient.api.QueryProductDetailsParams
androidx.core.app.JobIntentService$CompatWorkItem
androidx.core.text.TextDirectionHeuristicsCompat
com.google.android.gms.internal.play_billing.zzfd:
    static void <clinit>()
    static final synthetic int[] zza
android.support.customtabs.ICustomTabsService$Default
com.google.android.gms.internal.play_billing.zzb:
    public static com.android.billingclient.api.InAppMessageResult zze(android.os.Bundle,java.lang.String)
androidx.annotation.Nullable
androidx.browser.trusted.ScreenOrientation
androidx.browser.trusted.TrustedWebActivityServiceConnectionPool$BindToServiceAsyncTask
com.google.androidbrowserhelper.playbilling.digitalgoods.DigitalGoodsRequestHandler:
    private static final java.lang.String EXTRA_DIGITAL_GOODS_API_VERSION
    private static final int DIGITAL_GOODS_API_VERSION
androidx.core.graphics.drawable.DrawableCompat:
    public static void jumpToCurrentState(android.graphics.drawable.Drawable)
    public static void setAutoMirrored(android.graphics.drawable.Drawable,boolean)
    public static boolean isAutoMirrored(android.graphics.drawable.Drawable)
    public static void setHotspot(android.graphics.drawable.Drawable,float,float)
    public static void setHotspotBounds(android.graphics.drawable.Drawable,int,int,int,int)
    public static void setTint(android.graphics.drawable.Drawable,int)
    public static void setTintList(android.graphics.drawable.Drawable,android.content.res.ColorStateList)
    public static void setTintMode(android.graphics.drawable.Drawable,android.graphics.PorterDuff$Mode)
    public static int getAlpha(android.graphics.drawable.Drawable)
    public static void applyTheme(android.graphics.drawable.Drawable,android.content.res.Resources$Theme)
    public static boolean canApplyTheme(android.graphics.drawable.Drawable)
    public static android.graphics.ColorFilter getColorFilter(android.graphics.drawable.Drawable)
    public static void clearColorFilter(android.graphics.drawable.Drawable)
    public static void inflate(android.graphics.drawable.Drawable,android.content.res.Resources,org.xmlpull.v1.XmlPullParser,android.util.AttributeSet,android.content.res.Resources$Theme)
    public static android.graphics.drawable.Drawable unwrap(android.graphics.drawable.Drawable)
androidx.core.content.res.ResourcesCompat$FontCallback$1
androidx.core.content.res.ResourcesCompat$FontCallback
com.google.androidbrowserhelper.trusted.ExtraCommandHandler:
    public static final java.lang.String EXTRA_COMMAND_SUCCESS
com.google.androidbrowserhelper.trusted.QualityEnforcer:
    void <init>(com.google.androidbrowserhelper.trusted.QualityEnforcer$Delegate)
    private static final java.lang.String TAG
    static final java.lang.String CRASH
    static final java.lang.String KEY_CRASH_REASON
    static final java.lang.String KEY_SUCCESS
com.google.androidbrowserhelper.playbilling.digitalgoods.PurchaseDetails:
    public static com.google.androidbrowserhelper.playbilling.digitalgoods.PurchaseDetails create(com.android.billingclient.api.Purchase)
    public static com.google.androidbrowserhelper.playbilling.digitalgoods.PurchaseDetails create(android.os.Bundle)
    static final java.lang.String KEY_ITEM_ID
    static final java.lang.String KEY_PURCHASE_TOKEN
androidx.arch.core.internal.SafeIterableMap$ListIterator
com.google.androidbrowserhelper.playbilling.R$styleable
androidx.browser.customtabs.TrustedWebUtils:
    private void <init>()
    public static void launchBrowserSiteSettings(android.content.Context,androidx.browser.customtabs.CustomTabsSession,android.net.Uri)
    public static void launchAsTrustedWebActivity(android.content.Context,androidx.browser.customtabs.CustomTabsIntent,android.net.Uri)
    public static final java.lang.String EXTRA_LAUNCH_AS_TRUSTED_WEB_ACTIVITY
    public static final java.lang.String ACTION_MANAGE_TRUSTED_WEB_ACTIVITY_DATA